<?xml version="1.0" encoding="UTF-8"?>
<!-- Generated by org.testng.reporters.JUnitReportReporter -->
<testsuite hostname="LIBRA-TEXAS" name="day11.testngsamples.Example8" tests="1" failures="0" timestamp="21 May 2022 07:06:50 GMT" time="32.578" errors="0">
  <testcase name="loginLogoutInActitimeApplication" time="32.578" classname="day11.testngsamples.Example8"/>
</testsuite> <!-- day11.testngsamples.Example8 -->
