<?xml version="1.0" encoding="UTF-8"?>
<!-- Generated by org.testng.reporters.JUnitReportReporter -->
<testsuite hostname="LIBRA-TEXAS" name="day11.testngsamples.Example_Param3" tests="2" failures="0" timestamp="21 May 2022 07:06:50 GMT" time="0.007" errors="0">
  <testcase name="param3" time="0.000" classname="day11.testngsamples.Example_Param3"/>
  <testcase name="param1" time="0.007" classname="day11.testngsamples.Example_Param3"/>
</testsuite> <!-- day11.testngsamples.Example_Param3 -->
