<?xml version="1.0" encoding="UTF-8"?>
<!-- Generated by org.testng.reporters.JUnitReportReporter -->
<testsuite hostname="LIBRA-TEXAS" name="day11.testngsamples.Example_Param1" tests="5" failures="0" timestamp="21 May 2022 07:06:50 GMT" time="0.006" errors="0">
  <testcase name="param1" time="0.003" classname="day11.testngsamples.Example_Param1"/>
  <testcase name="param1" time="0.002" classname="day11.testngsamples.Example_Param1"/>
  <testcase name="param1" time="0.001" classname="day11.testngsamples.Example_Param1"/>
  <testcase name="param1" time="0.000" classname="day11.testngsamples.Example_Param1"/>
  <testcase name="param1" time="0.000" classname="day11.testngsamples.Example_Param1"/>
</testsuite> <!-- day11.testngsamples.Example_Param1 -->
