<?xml version="1.0" encoding="UTF-8"?>
<!-- Generated by org.testng.reporters.JUnitReportReporter -->
<testsuite hostname="LIBRA-TEXAS" name="day11.testngsamples.Example_Param2" tests="3" failures="0" timestamp="21 May 2022 07:06:50 GMT" time="0.011" errors="0">
  <testcase name="logout" time="0.001" classname="day11.testngsamples.Example_Param2"/>
  <testcase name="login" time="0.001" classname="day11.testngsamples.Example_Param2"/>
  <testcase name="sendEmail" time="0.009" classname="day11.testngsamples.Example_Param2"/>
</testsuite> <!-- day11.testngsamples.Example_Param2 -->
