<?xml version="1.0" encoding="UTF-8"?>
<!-- Generated by org.testng.reporters.JUnitReportReporter -->
<testsuite hostname="LIBRA-TEXAS" name="day11.testngsamples.Example_Annotations2" tests="2" failures="0" timestamp="21 May 2022 07:06:50 GMT" time="0.012" errors="0">
  <testcase name="createTask" time="0.006" classname="day11.testngsamples.Example_Annotations2"/>
  <testcase name="verifyLogin" time="0.006" classname="day11.testngsamples.Example_Annotations2"/>
</testsuite> <!-- day11.testngsamples.Example_Annotations2 -->
