<?xml version="1.0" encoding="UTF-8"?>
<!-- Generated by org.testng.reporters.JUnitReportReporter -->
<testsuite hostname="LIBRA-TEXAS" name="day11.testngsamples.Sample2" tests="1" failures="0" timestamp="21 May 2022 07:06:50 GMT" time="0.000" errors="0">
  <testcase name="regressionTC1" time="0.000" classname="day11.testngsamples.Sample2"/>
</testsuite> <!-- day11.testngsamples.Sample2 -->
