<?xml version="1.0" encoding="UTF-8"?>
<!-- Generated by org.testng.reporters.JUnitReportReporter -->
<testsuite hostname="LIBRA-TEXAS" name="day11.testngsamples.Example7" tests="1" failures="0" timestamp="21 May 2022 07:06:50 GMT" time="23.056" errors="0">
  <testcase name="loginLogoutInActitimeApplication" time="23.056" classname="day11.testngsamples.Example7"/>
</testsuite> <!-- day11.testngsamples.Example7 -->
