<?xml version="1.0" encoding="UTF-8"?>
<!-- Generated by org.testng.reporters.JUnitReportReporter -->
<testsuite hostname="LIBRA-TEXAS" name="day11.testngsamples.Example_Param7" tests="1" failures="0" timestamp="21 May 2022 07:06:50 GMT" time="0.002" errors="0">
  <testcase name="login" time="0.002" classname="day11.testngsamples.Example_Param7"/>
</testsuite> <!-- day11.testngsamples.Example_Param7 -->
