<?xml version="1.0" encoding="UTF-8"?>
<!-- Generated by org.testng.reporters.JUnitReportReporter -->
<testsuite hostname="LIBRA-TEXAS" name="day11.testngsamples.Example6" tests="2" failures="0" timestamp="21 May 2022 07:06:50 GMT" time="0.003" errors="0">
  <testcase name="testCase8" time="0.001" classname="day11.testngsamples.Example6"/>
  <testcase name="testCase7" time="0.002" classname="day11.testngsamples.Example6"/>
</testsuite> <!-- day11.testngsamples.Example6 -->
