<?xml version="1.0" encoding="UTF-8"?>
<!-- Generated by org.testng.reporters.JUnitReportReporter -->
<testsuite hostname="LIBRA-TEXAS" name="day11.testngsamples.Example5" tests="2" failures="0" timestamp="21 May 2022 07:06:50 GMT" time="0.002" errors="0">
  <testcase name="testCase6" time="0.001" classname="day11.testngsamples.Example5"/>
  <testcase name="testCase5" time="0.001" classname="day11.testngsamples.Example5"/>
</testsuite> <!-- day11.testngsamples.Example5 -->
