<?xml version="1.0" encoding="UTF-8"?>
<!-- Generated by org.testng.reporters.JUnitReportReporter -->
<testsuite hostname="LIBRA-TEXAS" name="day11.testngsamples.Example3" tests="1" failures="0" timestamp="21 May 2022 07:06:50 GMT" time="2.003" errors="0">
  <testcase name="testCase3" time="2.003" classname="day11.testngsamples.Example3"/>
</testsuite> <!-- day11.testngsamples.Example3 -->
