<?xml version="1.0" encoding="UTF-8"?>
<!-- Generated by org.testng.reporters.JUnitReportReporter -->
<testsuite hostname="LIBRA-TEXAS" name="day11.testngsamples.Example_Param6" tests="3" failures="0" timestamp="21 May 2022 07:06:50 GMT" time="0.518" errors="0">
  <testcase name="login" time="0.003" classname="day11.testngsamples.Example_Param6"/>
  <testcase name="checkNotification" time="0.511" classname="day11.testngsamples.Example_Param6"/>
  <testcase name="signIn" time="0.004" classname="day11.testngsamples.Example_Param6"/>
</testsuite> <!-- day11.testngsamples.Example_Param6 -->
