<?xml version="1.0" encoding="UTF-8"?>
<!-- Generated by org.testng.reporters.JUnitReportReporter -->
<testsuite hostname="LIBRA-TEXAS" name="actitime.testscript.actiTimeScript" tests="3" failures="0" timestamp="28 May 2022 08:56:44 GMT" time="42.365" errors="0">
  <testcase name="deleteTask" time="11.541" classname="actitime.testscript.actiTimeScript"/>
  <testcase name="checkIfDeleted" time="13.786" classname="actitime.testscript.actiTimeScript"/>
  <testcase name="taskpage" time="17.038" classname="actitime.testscript.actiTimeScript"/>
</testsuite> <!-- actitime.testscript.actiTimeScript -->
