<?xml version="1.0" encoding="UTF-8"?>
<!-- Generated by org.testng.reporters.JUnitReportReporter -->
<testsuite hostname="LAPTOP-G7KQ4BVC" name="utilities.DateUtility" tests="1" failures="0" timestamp="20 May 2022 17:33:27 GMT" time="0.262" errors="0">
  <testcase name="testCase" time="0.262" classname="utilities.DateUtility"/>
</testsuite> <!-- utilities.DateUtility -->
