<?xml version="1.0" encoding="UTF-8"?>
<!-- Generated by org.testng.reporters.JUnitReportReporter -->
<testsuite hostname="LIBRA-TEXAS" name="practice.Example6" tests="2" failures="0" timestamp="9 May 2022 14:54:10 GMT" time="0.015" errors="0">
  <testcase name="testCase8" time="0.005" classname="practice.Example6"/>
  <testcase name="testCase7" time="0.010" classname="practice.Example6"/>
</testsuite> <!-- practice.Example6 -->
