<?xml version="1.0" encoding="UTF-8"?>
<!-- Generated by org.testng.reporters.JUnitReportReporter -->
<testsuite hostname="LIBRA-TEXAS" name="practice.NewTest" tests="1" failures="0" timestamp="12 May 2022 13:54:25 GMT" time="52.164" errors="0">
  <testcase name="loginLogoutInActitimeApplication" time="52.164" classname="practice.NewTest"/>
</testsuite> <!-- practice.NewTest -->
